<?xml version="1.0" encoding="UTF-8"?>
<testng-results skipped="0" failed="0" ignored="0" total="1" passed="1">
  <reporter-output>
  </reporter-output>
  <suite name="Default suite" duration-ms="12850" started-at="2019-04-24T13:14:44Z" finished-at="2019-04-24T13:14:57Z">
    <groups>
    </groups>
    <test name="Default test" duration-ms="12850" started-at="2019-04-24T13:14:44Z" finished-at="2019-04-24T13:14:57Z">
      <class name="ChromeTest">
        <test-method status="PASS" signature="ChromeTest()[pri:0, instance:ChromeTest@7823a2f9]" name="ChromeTest" duration-ms="12772" started-at="2019-04-24T13:14:44Z" finished-at="2019-04-24T13:14:57Z">
          <reporter-output>
          </reporter-output>
        </test-method> <!-- ChromeTest -->
      </class> <!-- ChromeTest -->
    </test> <!-- Default test -->
  </suite> <!-- Default suite -->
</testng-results>
